Arguments: 
  C:\Program Files\nodejs\node.exe C:\Users\Will\AppData\Roaming\npm\node_modules\yarn\bin\yarn.js start

PATH: 
  C:\Program Files (x86)\Common Files\Oracle\Java\javapath;C:\ProgramData\Oracle\Java\javapath;C:\WINDOWS\system32;C:\WINDOWS;C:\WINDOWS\System32\Wbem;C:\WINDOWS\System32\WindowsPowerShell\v1.0\;C:\Program Files\nodejs\;C:\Program Files\Git\cmd;c:\Program Files (x86)\Microsoft SQL Server\100\Tools\Binn\;c:\Program Files\Microsoft SQL Server\100\Tools\Binn\;c:\Program Files\Microsoft SQL Server\100\DTS\Binn\;C:\Program Files (x86)\Microsoft SQL Server\Client SDK\ODBC\130\Tools\Binn\;C:\Program Files (x86)\Microsoft SQL Server\140\Tools\Binn\;C:\Program Files (x86)\Microsoft SQL Server\140\DTS\Binn\;C:\Program Files (x86)\Microsoft SQL Server\140\Tools\Binn\ManagementStudio\;C:\Program Files\dotnet\;C:\Program Files\Microsoft SQL Server\130\Tools\Binn\;C:\Users\Will\AppData\Roaming\npm;C:\Program Files\Microsoft VS Code\bin;C:\Users\Will\AppData\Local\Microsoft\WindowsApps;C:\Users\Will\AppData\Local\GitHubDesktop\bin;C:\Program Files\MongoDB\Server\3.6\bin;

Yarn version: 
  1.5.1

Node version: 
  8.9.1

Platform: 
  win32 x64

npm manifest: 
  No manifest

yarn manifest: 
  No manifest

Lockfile: 
  No lockfile

Trace: 
  Error: Couldn't find a package.json file in "C:\\Users\\Will\\Desktop\\Projects\\personalsiteReact"
      at new MessageError (C:\Users\Will\AppData\Roaming\npm\node_modules\yarn\lib\cli.js:186:110)
      at C:\Users\Will\AppData\Roaming\npm\node_modules\yarn\lib\cli.js:40048:15
      at Generator.next (<anonymous>)
      at step (C:\Users\Will\AppData\Roaming\npm\node_modules\yarn\lib\cli.js:98:30)
      at C:\Users\Will\AppData\Roaming\npm\node_modules\yarn\lib\cli.js:109:13
      at <anonymous>
